<?xml version="1.0" encoding="UTF-8"?>
<testng-results ignored="2" total="4" passed="0" failed="2" skipped="0">
  <reporter-output>
    <line>
      <![CDATA[=====connection db successful====]]>
    </line>
    <line>
      <![CDATA[launching browser successful=====]]>
    </line>
    <line>
      <![CDATA[=====login  app successful====]]>
    </line>
    <line>
      <![CDATA[searchByOrgByRatingTests test script failed]]>
    </line>
    <line>
      <![CDATA[======logout app successfull]]>
    </line>
    <line>
      <![CDATA[====== close browser successfull]]>
    </line>
    <line>
      <![CDATA[launching browser successful=====]]>
    </line>
    <line>
      <![CDATA[=====login  app successful====]]>
    </line>
    <line>
      <![CDATA[searchOrgByOrgNameTests test script failed]]>
    </line>
    <line>
      <![CDATA[======logout app successfull]]>
    </line>
    <line>
      <![CDATA[====== close browser successfull]]>
    </line>
    <line>
      <![CDATA[======db close successfull]]>
    </line>
  </reporter-output>
  <suite started-at="2022-03-17T10:48:15 IST" name="Suite" finished-at="2022-03-17T10:49:23 IST" duration-ms="68674">
    <groups>
    </groups>
    <test started-at="2022-03-17T10:48:15 IST" name="Test" finished-at="2022-03-17T10:49:23 IST" duration-ms="68674">
      <class name="com.crm.OrgananizationTests.SearchByOrgByRatingTests">
        <test-method is-config="true" signature="connectDataBase()[pri:0, instance:com.crm.OrgananizationTests.SearchByOrgByRatingTests@342c38f8]" started-at="2022-03-17T10:48:15 IST" name="connectDataBase" finished-at="2022-03-17T10:48:15 IST" duration-ms="15" status="PASS">
          <reporter-output>
            <line>
              <![CDATA[=====connection db successful====]]>
            </line>
          </reporter-output>
        </test-method> <!-- connectDataBase -->
        <test-method is-config="true" signature="launchBrowser()[pri:0, instance:com.crm.OrgananizationTests.SearchByOrgByRatingTests@342c38f8]" started-at="2022-03-17T10:48:15 IST" name="launchBrowser" finished-at="2022-03-17T10:48:21 IST" duration-ms="5547" status="PASS">
          <reporter-output>
            <line>
              <![CDATA[launching browser successful=====]]>
            </line>
          </reporter-output>
        </test-method> <!-- launchBrowser -->
        <test-method is-config="true" signature="login()[pri:0, instance:com.crm.OrgananizationTests.SearchByOrgByRatingTests@342c38f8]" started-at="2022-03-17T10:48:21 IST" name="login" finished-at="2022-03-17T10:48:27 IST" duration-ms="5736" status="PASS">
          <reporter-output>
            <line>
              <![CDATA[=====login  app successful====]]>
            </line>
          </reporter-output>
        </test-method> <!-- login -->
        <test-method signature="searchByOrgByRatingTests()[pri:0, instance:com.crm.OrgananizationTests.SearchByOrgByRatingTests@342c38f8]" started-at="2022-03-17T10:48:27 IST" name="searchByOrgByRatingTests" finished-at="2022-03-17T10:48:47 IST" duration-ms="20602" status="FAIL">
          <exception class="org.openqa.selenium.NoSuchElementException">
            <message>
              <![CDATA[Cannot locate element with text: rating
For documentation on this error, please visit: https://www.seleniumhq.org/exceptions/no_such_element.html
Build info: version: '3.141.59', revision: 'e82be7d358', time: '2018-11-14T08:17:03'
System info: host: 'LAPTOP-Q08K87KM', ip: '192.168.221.215', os.name: 'Windows 10', os.arch: 'amd64', os.version: '10.0', java.version: '15.0.2'
Driver info: driver.version: unknown]]>
            </message>
            <full-stacktrace>
              <![CDATA[org.openqa.selenium.NoSuchElementException: Cannot locate element with text: rating
For documentation on this error, please visit: https://www.seleniumhq.org/exceptions/no_such_element.html
Build info: version: '3.141.59', revision: 'e82be7d358', time: '2018-11-14T08:17:03'
System info: host: 'LAPTOP-Q08K87KM', ip: '192.168.221.215', os.name: 'Windows 10', os.arch: 'amd64', os.version: '10.0', java.version: '15.0.2'
Driver info: driver.version: unknown
at org.openqa.selenium.support.ui.Select.selectByVisibleText(Select.java:147)
at com.crm.OrgananizationTests.SearchByOrgByRatingTests.searchByOrgByRatingTests(SearchByOrgByRatingTests.java:40)
at java.base/jdk.internal.reflect.NativeMethodAccessorImpl.invoke0(Native Method)
at java.base/jdk.internal.reflect.NativeMethodAccessorImpl.invoke(NativeMethodAccessorImpl.java:64)
at java.base/jdk.internal.reflect.DelegatingMethodAccessorImpl.invoke(DelegatingMethodAccessorImpl.java:43)
at java.base/java.lang.reflect.Method.invoke(Method.java:564)
at org.testng.internal.MethodInvocationHelper.invokeMethod(MethodInvocationHelper.java:133)
at org.testng.internal.TestInvoker.invokeMethod(TestInvoker.java:598)
at org.testng.internal.TestInvoker.invokeTestMethod(TestInvoker.java:173)
at org.testng.internal.MethodRunner.runInSequence(MethodRunner.java:46)
at org.testng.internal.TestInvoker$MethodInvocationAgent.invoke(TestInvoker.java:824)
at org.testng.internal.TestInvoker.invokeTestMethods(TestInvoker.java:146)
at org.testng.internal.TestMethodWorker.invokeTestMethods(TestMethodWorker.java:146)
at org.testng.internal.TestMethodWorker.run(TestMethodWorker.java:128)
at java.base/java.util.ArrayList.forEach(ArrayList.java:1511)
at org.testng.TestRunner.privateRun(TestRunner.java:794)
at org.testng.TestRunner.run(TestRunner.java:596)
at org.testng.SuiteRunner.runTest(SuiteRunner.java:377)
at org.testng.SuiteRunner.access$000(SuiteRunner.java:28)
at org.testng.SuiteRunner$SuiteWorker.run(SuiteRunner.java:418)
at org.testng.internal.thread.ThreadUtil.lambda$execute$0(ThreadUtil.java:64)
at java.base/java.util.concurrent.FutureTask.run(FutureTask.java:264)
at java.base/java.util.concurrent.ThreadPoolExecutor.runWorker(ThreadPoolExecutor.java:1130)
at java.base/java.util.concurrent.ThreadPoolExecutor$Worker.run(ThreadPoolExecutor.java:630)
at java.base/java.lang.Thread.run(Thread.java:832)
]]>
            </full-stacktrace>
          </exception> <!-- org.openqa.selenium.NoSuchElementException -->
          <reporter-output>
            <line>
              <![CDATA[searchByOrgByRatingTests test script failed]]>
            </line>
          </reporter-output>
        </test-method> <!-- searchByOrgByRatingTests -->
        <test-method is-config="true" signature="logout()[pri:0, instance:com.crm.OrgananizationTests.SearchByOrgByRatingTests@342c38f8]" started-at="2022-03-17T10:48:48 IST" name="logout" finished-at="2022-03-17T10:48:50 IST" duration-ms="2659" status="PASS">
          <reporter-output>
            <line>
              <![CDATA[======logout app successfull]]>
            </line>
          </reporter-output>
        </test-method> <!-- logout -->
        <test-method is-config="true" signature="closeBrowser()[pri:0, instance:com.crm.OrgananizationTests.SearchByOrgByRatingTests@342c38f8]" started-at="2022-03-17T10:48:50 IST" name="closeBrowser" finished-at="2022-03-17T10:48:51 IST" duration-ms="880" status="PASS">
          <reporter-output>
            <line>
              <![CDATA[====== close browser successfull]]>
            </line>
          </reporter-output>
        </test-method> <!-- closeBrowser -->
        <test-method is-config="true" signature="closeDb()[pri:0, instance:com.crm.OrgananizationTests.SearchByOrgByRatingTests@342c38f8]" started-at="2022-03-17T10:49:24 IST" name="closeDb" finished-at="2022-03-17T10:49:24 IST" duration-ms="0" status="PASS">
          <reporter-output>
            <line>
              <![CDATA[======db close successfull]]>
            </line>
          </reporter-output>
        </test-method> <!-- closeDb -->
      </class> <!-- com.crm.OrgananizationTests.SearchByOrgByRatingTests -->
      <class name="com.crm.OrgananizationTests.SearchOrgByOrgNameTests">
        <test-method is-config="true" signature="launchBrowser()[pri:0, instance:com.crm.OrgananizationTests.SearchOrgByOrgNameTests@57cf54e1]" started-at="2022-03-17T10:48:51 IST" name="launchBrowser" finished-at="2022-03-17T10:48:55 IST" duration-ms="3862" status="PASS">
          <reporter-output>
            <line>
              <![CDATA[launching browser successful=====]]>
            </line>
          </reporter-output>
        </test-method> <!-- launchBrowser -->
        <test-method is-config="true" signature="login()[pri:0, instance:com.crm.OrgananizationTests.SearchOrgByOrgNameTests@57cf54e1]" started-at="2022-03-17T10:48:55 IST" name="login" finished-at="2022-03-17T10:49:00 IST" duration-ms="5002" status="PASS">
          <reporter-output>
            <line>
              <![CDATA[=====login  app successful====]]>
            </line>
          </reporter-output>
        </test-method> <!-- login -->
        <test-method signature="searchOrgByOrgNameTests()[pri:0, instance:com.crm.OrgananizationTests.SearchOrgByOrgNameTests@57cf54e1]" started-at="2022-03-17T10:49:00 IST" name="searchOrgByOrgNameTests" finished-at="2022-03-17T10:49:19 IST" duration-ms="19376" status="FAIL">
          <exception class="org.openqa.selenium.NoSuchElementException">
            <message>
              <![CDATA[Cannot locate option with value: Organization Name
For documentation on this error, please visit: https://www.seleniumhq.org/exceptions/no_such_element.html
Build info: version: '3.141.59', revision: 'e82be7d358', time: '2018-11-14T08:17:03'
System info: host: 'LAPTOP-Q08K87KM', ip: '192.168.221.215', os.name: 'Windows 10', os.arch: 'amd64', os.version: '10.0', java.version: '15.0.2'
Driver info: driver.version: unknown]]>
            </message>
            <full-stacktrace>
              <![CDATA[org.openqa.selenium.NoSuchElementException: Cannot locate option with value: Organization Name
For documentation on this error, please visit: https://www.seleniumhq.org/exceptions/no_such_element.html
Build info: version: '3.141.59', revision: 'e82be7d358', time: '2018-11-14T08:17:03'
System info: host: 'LAPTOP-Q08K87KM', ip: '192.168.221.215', os.name: 'Windows 10', os.arch: 'amd64', os.version: '10.0', java.version: '15.0.2'
Driver info: driver.version: unknown
at org.openqa.selenium.support.ui.Select.findOptionsByValue(Select.java:283)
at org.openqa.selenium.support.ui.Select.selectByValue(Select.java:186)
at com.crm.GenericLibrary.WebDriverUtility.select(WebDriverUtility.java:79)
at com.crm.ObjectRepository.OrganizationPage.searchBox(OrganizationPage.java:43)
at com.crm.OrgananizationTests.SearchOrgByOrgNameTests.searchOrgByOrgNameTests(SearchOrgByOrgNameTests.java:41)
at java.base/jdk.internal.reflect.NativeMethodAccessorImpl.invoke0(Native Method)
at java.base/jdk.internal.reflect.NativeMethodAccessorImpl.invoke(NativeMethodAccessorImpl.java:64)
at java.base/jdk.internal.reflect.DelegatingMethodAccessorImpl.invoke(DelegatingMethodAccessorImpl.java:43)
at java.base/java.lang.reflect.Method.invoke(Method.java:564)
at org.testng.internal.MethodInvocationHelper.invokeMethod(MethodInvocationHelper.java:133)
at org.testng.internal.TestInvoker.invokeMethod(TestInvoker.java:598)
at org.testng.internal.TestInvoker.invokeTestMethod(TestInvoker.java:173)
at org.testng.internal.MethodRunner.runInSequence(MethodRunner.java:46)
at org.testng.internal.TestInvoker$MethodInvocationAgent.invoke(TestInvoker.java:824)
at org.testng.internal.TestInvoker.invokeTestMethods(TestInvoker.java:146)
at org.testng.internal.TestMethodWorker.invokeTestMethods(TestMethodWorker.java:146)
at org.testng.internal.TestMethodWorker.run(TestMethodWorker.java:128)
at java.base/java.util.ArrayList.forEach(ArrayList.java:1511)
at org.testng.TestRunner.privateRun(TestRunner.java:794)
at org.testng.TestRunner.run(TestRunner.java:596)
at org.testng.SuiteRunner.runTest(SuiteRunner.java:377)
at org.testng.SuiteRunner.access$000(SuiteRunner.java:28)
at org.testng.SuiteRunner$SuiteWorker.run(SuiteRunner.java:418)
at org.testng.internal.thread.ThreadUtil.lambda$execute$0(ThreadUtil.java:64)
at java.base/java.util.concurrent.FutureTask.run(FutureTask.java:264)
at java.base/java.util.concurrent.ThreadPoolExecutor.runWorker(ThreadPoolExecutor.java:1130)
at java.base/java.util.concurrent.ThreadPoolExecutor$Worker.run(ThreadPoolExecutor.java:630)
at java.base/java.lang.Thread.run(Thread.java:832)
]]>
            </full-stacktrace>
          </exception> <!-- org.openqa.selenium.NoSuchElementException -->
          <reporter-output>
            <line>
              <![CDATA[searchOrgByOrgNameTests test script failed]]>
            </line>
          </reporter-output>
        </test-method> <!-- searchOrgByOrgNameTests -->
        <test-method is-config="true" signature="logout()[pri:0, instance:com.crm.OrgananizationTests.SearchOrgByOrgNameTests@57cf54e1]" started-at="2022-03-17T10:49:20 IST" name="logout" finished-at="2022-03-17T10:49:23 IST" duration-ms="2892" status="PASS">
          <reporter-output>
            <line>
              <![CDATA[======logout app successfull]]>
            </line>
          </reporter-output>
        </test-method> <!-- logout -->
        <test-method is-config="true" signature="closeBrowser()[pri:0, instance:com.crm.OrgananizationTests.SearchOrgByOrgNameTests@57cf54e1]" started-at="2022-03-17T10:49:23 IST" name="closeBrowser" finished-at="2022-03-17T10:49:23 IST" duration-ms="804" status="PASS">
          <reporter-output>
            <line>
              <![CDATA[====== close browser successfull]]>
            </line>
          </reporter-output>
        </test-method> <!-- closeBrowser -->
      </class> <!-- com.crm.OrgananizationTests.SearchOrgByOrgNameTests -->
    </test> <!-- Test -->
  </suite> <!-- Suite -->
</testng-results>
